<?xml version="1.0" encoding="UTF-8"?>
<testsuite xmlns:xsi="http://www.w3.org/2001/XMLSchema-instance" xsi:noNamespaceSchemaLocation="https://maven.apache.org/surefire/maven-surefire-plugin/xsd/surefire-test-report-3.0.xsd" version="3.0" name="com.google.Part1Test" time="0.148" tests="21" errors="0" skipped="0" failures="14">
  <properties>
[...]
</properties>
  <testcase name="testStopVideo" classname="com.google.Part1Test" time="0.053"/>
  <testcase name="testPauseAlreadyPausedVideo" classname="com.google.Part1Test" time="0.008">
    <failure type="java.lang.AssertionError"><![CDATA[java.lang.AssertionError: 

Expected: a string containing "Pausing video: Amazing Cats"
     but: was "pauseVideo needs implementation"
	at com.google.Part1Test.testPauseAlreadyPausedVideo(Part1Test.java:202)
]]></failure>
  </testcase>
  <testcase name="testPlayRandomVideoStopsPreviousVideo" classname="com.google.Part1Test" time="0.005">
    <failure type="org.opentest4j.AssertionFailedError"><![CDATA[org.opentest4j.AssertionFailedError: 
Playing video: Amazing Cats
Playing video: Video about nothing
 ==> expected: <3> but was: <2>
	at com.google.Part1Test.testPlayRandomVideoStopsPreviousVideo(Part1Test.java:127)
]]></failure>
  </testcase>
  <testcase name="testPlayVideo" classname="com.google.Part1Test" time="0.002"/>
  <testcase name="testPlayRandomVideo" classname="com.google.Part1Test" time="0.003"/>
  <testcase name="testStopVideoTwice" classname="com.google.Part1Test" time="0.003">
    <failure type="org.opentest4j.AssertionFailedError"><![CDATA[org.opentest4j.AssertionFailedError: 
Playing video: Amazing Cats
Stopping video: Amazing Cats

Cannot stop video: No video is currently playing

 ==> expected: <3> but was: <4>
	at com.google.Part1Test.testStopVideoTwice(Part1Test.java:99)
]]></failure>
  </testcase>
  <testcase name="testPlayVideoStopPrevious" classname="com.google.Part1Test" time="0.002">
    <failure type="org.opentest4j.AssertionFailedError"><![CDATA[org.opentest4j.AssertionFailedError: 
Playing video: Amazing Cats
Playing video: Funny Dogs
 ==> expected: <3> but was: <2>
	at com.google.Part1Test.testPlayVideoStopPrevious(Part1Test.java:64)
]]></failure>
  </testcase>
  <testcase name="testPauseVideo" classname="com.google.Part1Test" time="0.002">
    <failure type="java.lang.AssertionError"><![CDATA[java.lang.AssertionError: 

Expected: a string containing "Pausing video: Amazing Cats"
     but: was "pauseVideo needs implementation"
	at com.google.Part1Test.testPauseVideo(Part1Test.java:160)
]]></failure>
  </testcase>
  <testcase name="testShowPlaying" classname="com.google.Part1Test" time="0.002">
    <failure type="java.lang.AssertionError"><![CDATA[java.lang.AssertionError: 

Expected: a string containing "Currently playing: Amazing Cats (amazing_cats_video_id) [#cat #animal]"
     but: was "showPlaying needs implementation"
	at com.google.Part1Test.testShowPlaying(Part1Test.java:141)
]]></failure>
  </testcase>
  <testcase name="testContinueVideoNothingPlaying" classname="com.google.Part1Test" time="0.002">
    <failure type="java.lang.AssertionError"><![CDATA[java.lang.AssertionError: 

Expected: a string containing "Cannot continue video: No video is currently playing"
     but: was "continueVideo needs implementation
"
	at com.google.Part1Test.testContinueVideoNothingPlaying(Part1Test.java:242)
]]></failure>
  </testcase>
  <testcase name="testContinueVideo" classname="com.google.Part1Test" time="0.002">
    <failure type="java.lang.AssertionError"><![CDATA[java.lang.AssertionError: 

Expected: a string containing "Pausing video: Amazing Cats"
     but: was "pauseVideo needs implementation"
	at com.google.Part1Test.testContinueVideo(Part1Test.java:223)
]]></failure>
  </testcase>
  <testcase name="testPlayVideoDontStopPreviousIfNonExistent" classname="com.google.Part1Test" time="0.002"/>
  <testcase name="testPauseVideoShowVideo" classname="com.google.Part1Test" time="0.002">
    <failure type="java.lang.AssertionError"><![CDATA[java.lang.AssertionError: 

Expected: a string containing "Pausing video: Amazing Cats"
     but: was "pauseVideo needs implementation"
	at com.google.Part1Test.testPauseVideoShowVideo(Part1Test.java:172)
]]></failure>
  </testcase>
  <testcase name="testPauseVideoPlayVideo" classname="com.google.Part1Test" time="0.002">
    <failure type="org.opentest4j.AssertionFailedError"><![CDATA[org.opentest4j.AssertionFailedError: 
Playing video: Amazing Cats
pauseVideo needs implementation
Playing video: Amazing Cats
showPlaying needs implementation
 ==> expected: <5> but was: <4>
	at com.google.Part1Test.testPauseVideoPlayVideo(Part1Test.java:185)
]]></failure>
  </testcase>
  <testcase name="testContinueVideoNotPaused" classname="com.google.Part1Test" time="0.003">
    <failure type="java.lang.AssertionError"><![CDATA[java.lang.AssertionError: 

Expected: a string containing "Cannot continue video: Video is not paused"
     but: was "continueVideo needs implementation"
	at com.google.Part1Test.testContinueVideoNotPaused(Part1Test.java:234)
]]></failure>
  </testcase>
  <testcase name="testPlayVideoNonExistent" classname="com.google.Part1Test" time="0.003"/>
  <testcase name="testNumberOfVideos" classname="com.google.Part1Test" time="0.002"/>
  <testcase name="testShowAllVideos" classname="com.google.Part1Test" time="0.003"/>
  <testcase name="testPauseVideoNothingPlaying" classname="com.google.Part1Test" time="0.002">
    <failure type="java.lang.AssertionError"><![CDATA[java.lang.AssertionError: 

Expected: a string containing "Cannot pause video: No video is currently playing"
     but: was "pauseVideo needs implementation
"
	at com.google.Part1Test.testPauseVideoNothingPlaying(Part1Test.java:210)
]]></failure>
  </testcase>
  <testcase name="testShowNothingPlaying" classname="com.google.Part1Test" time="0.002">
    <failure type="java.lang.AssertionError"><![CDATA[java.lang.AssertionError: 

Expected: a string containing "No video is currently playing"
     but: was "showPlaying needs implementation
"
	at com.google.Part1Test.testShowNothingPlaying(Part1Test.java:149)
]]></failure>
  </testcase>
  <testcase name="testStopVideoNothingPlaying" classname="com.google.Part1Test" time="0.001">
    <failure type="java.lang.AssertionError"><![CDATA[java.lang.AssertionError: 

Expected: a string containing "Cannot stop video: No video is currently playing"
     but: was "Stopping video: Amazing Cats

"
	at com.google.Part1Test.testStopVideoNothingPlaying(Part1Test.java:110)
]]></failure>
  </testcase>
</testsuite>